INFO:root:MindWave Device Starts Working ....
INFO:root:Start to recording the data .... 
INFO:root:Received Data: [103587 119335  37213 105921  62801  62689  43140  56840      0      0
   2047      0]
INFO:root:Received Data: [934250 228266 136274 144004  62779  84381  16444  55137      0      0
  -1613      0]
INFO:root:Received Data: [548384  64261  51340  93055 104018  55319 141667  65327      0      0
   1661      0]
INFO:root:Received Data: [3501832  721916   77532  326498  160084  164169  106037  117788       0
       0      59       0]
INFO:root:Received Data: [828479 694799 609133  86775 161075 273519  36544  51500      0      0
   -637      0]
INFO:root:Received Data: [758835 597634   4834   5985  43528  70183  40699  55665      0      0
   -487      0]
INFO:root:Received Data: [952298 193831  84408  41405  62643  66373  23533  42671      0      0
  -2048      0]
INFO:root:Received Data: [814154 312393  20329  33330  33098  13708  25954  50974      0      0
     40      0]
INFO:root:Received Data: [93208 51099 14217 13242 10648  2963  2178   582     0     0    40     0]
INFO:root:Received Data: [292094  31480   4819  15565  19892   7359   5755   4000      0      0
     64      0]
INFO:root:Received Data: [684373 231157 125805 149699 101213  95151  44833  18841      0      0
     18      0]
INFO:root:Received Data: [436900  66654  16376   4811   8433   9505   1259   1099      0      0
     17      0]
INFO:root:Received Data: [161158  40259   7851  21994  10175   8010   5660   1564      0      0
     66      0]
INFO:root:Received Data: [648132  28233   6420  27959  31236   8353   8242   2462     48     51
    139      0]
INFO:root:Received Data: [1013094  416161   94731  230842  134037  206734   13126   10802      60
      64     209       0]
INFO:root:Received Data: [816320 833782 362056 120361 157484 233082  97507  14142     81     74
     69      0]
